<?xml version="1.0" encoding="UTF-8"?>
<!-- Generated by org.testng.reporters.JUnitReportReporter -->
<testsuite hostname="LAPTOP-TN19R3S7" failures="0" tests="2" name="APITests" time="4.704" errors="0" timestamp="2022-05-17T02:39:54 EET" skipped="0">
  <testcase classname="APITests" name="getTest" time="4.249"/>
  <system-out/>
  <testcase classname="APITests" name="getTest2" time="0.455"/>
  <system-out/>
</testsuite> <!-- APITests -->
